// 重构日志: 9d8d0232
// 同步 ID: abffa180 @ Mon Jul  6 20:18:35 UTC 2026
// 同步 ID: a6496d9d @ Wed Jul  8 10:02:54 UTC 2026
// 同步 ID: 9929ff4d @ Wed Jul  8 17:02:44 UTC 2026
// 重构日志: 6faab8ce
// 重构日志: 242b6981
// 重构日志: a1210c23
// 同步 ID: 8596d6de @ Sun Jul 12 16:19:46 UTC 2026
// 重构日志: 2c2a3844
// 同步 ID: 7d53071d @ Tue Jul 14 07:13:46 UTC 2026
// 重构日志: 025ef3bf
// 同步 ID: 3d79398a @ Wed Jul 15 00:47:28 UTC 2026
// 同步 ID: 28562c93 @ Wed Jul 15 12:19:09 UTC 2026
// 重构日志: 6dca235e
// 同步 ID: 7c29a2ba @ Thu Jul 16 01:04:16 UTC 2026
// 同步 ID: 34788b9a @ Thu Jul 16 03:50:49 UTC 2026
// 同步 ID: 6d87570e @ Thu Jul 16 07:07:30 UTC 2026
// 重构日志: 0be393f7
// 重构日志: 7ed64c21
// 同步 ID: 5af86c4b @ Fri Jul 17 18:15:34 UTC 2026
// 同步 ID: ac70ba1b @ Fri Jul 17 19:33:37 UTC 2026
// 重构日志: 457a12b2
// 重构日志: 8a9bc6e5
// 同步 ID: 00a2fc35 @ Sat Jul 18 11:21:50 UTC 2026
// 重构日志: 2d038239
// 重构日志: 7aea4e99
// 同步 ID: c21cfdf1 @ Sun Jul 19 03:55:04 UTC 2026
// 重构日志: e60fae66
// 同步 ID: d622d82c @ Sun Jul 19 10:54:58 UTC 2026
// 同步 ID: 34a97e3f @ Sun Jul 19 17:07:02 UTC 2026
// 重构日志: 7fd8be78
// 重构日志: 6abf0570
// 重构日志: a694ecb4
